\BOOKMARK [0][-]{label:frontpage.0}{Front page}{}% 1
\BOOKMARK [0][-]{label:titlepage_en.0}{English title page}{}% 2
\BOOKMARK [0][-]{label:contents.0}{Contents}{}% 3
\BOOKMARK [0][-]{chapter*.3}{Preface}{}% 4
\BOOKMARK [0][-]{chapter.1}{1 Introduction}{}% 5
\BOOKMARK [1][-]{section.1.1}{1.1 Examples}{chapter.1}% 6
\BOOKMARK [1][-]{section.1.2}{1.2 How Does Sections, Subsections, and Subsections Look?}{chapter.1}% 7
\BOOKMARK [2][-]{subsection.1.2.1}{1.2.1 This is a Subsection}{section.1.2}% 8
\BOOKMARK [0][-]{chapter.2}{2 Problem Analysis}{}% 9
\BOOKMARK [1][-]{section.2.1}{2.1 Problem Description}{chapter.2}% 10
\BOOKMARK [2][-]{subsection.2.1.1}{2.1.1 State of hearing aid}{section.2.1}% 11
\BOOKMARK [1][-]{section.2.2}{2.2 Initiating Problem}{chapter.2}% 12
\BOOKMARK [0][-]{chapter.3}{3 Development}{}% 13
\BOOKMARK [1][-]{section.3.1}{3.1 Component List}{chapter.3}% 14
\BOOKMARK [2][-]{subsection.3.1.1}{3.1.1 Introduction}{section.3.1}% 15
\BOOKMARK [2][-]{subsection.3.1.2}{3.1.2 Microphones characteristics}{section.3.1}% 16
\BOOKMARK [2][-]{subsection.3.1.3}{3.1.3 Microphones}{section.3.1}% 17
\BOOKMARK [2][-]{subsection.3.1.4}{3.1.4 Distancing}{section.3.1}% 18
\BOOKMARK [1][-]{section.3.2}{3.2 Setting up the scene}{chapter.3}% 19
\BOOKMARK [2][-]{subsection.3.2.1}{3.2.1 Analog to digital conversion}{section.3.2}% 20
\BOOKMARK [0][-]{chapter.4}{4 Directional Noise Elimination}{}% 21
\BOOKMARK [1][-]{section.4.1}{4.1 Introduction}{chapter.4}% 22
\BOOKMARK [1][-]{section.4.2}{4.2 Concept}{chapter.4}% 23
\BOOKMARK [1][-]{section.4.3}{4.3 Idea for filtering}{chapter.4}% 24
\BOOKMARK [1][-]{section.4.4}{4.4 Development}{chapter.4}% 25
\BOOKMARK [2][-]{subsection.4.4.1}{4.4.1 Finding delay in samples}{section.4.4}% 26
\BOOKMARK [2][-]{subsection.4.4.2}{4.4.2 Recording samples}{section.4.4}% 27
\BOOKMARK [2][-]{subsection.4.4.3}{4.4.3 Filtering}{section.4.4}% 28
\BOOKMARK [1][-]{section.4.5}{4.5 Conclusion}{chapter.4}% 29
\BOOKMARK [0][-]{chapter.5}{5 Neural Network Speech Isolation}{}% 30
\BOOKMARK [0][-]{chapter.6}{6 Results}{}% 31
\BOOKMARK [0][-]{chapter.7}{7 Future Work}{}% 32
\BOOKMARK [0][-]{chapter.8}{8 Conclusion}{}% 33
\BOOKMARK [0][-]{appendix.A}{A Appendix A name}{}% 34
